<?xml version="1.0" encoding="UTF-8" standalone="no"?>
<testsuite errors="0" failures="0" name="io.cucumber.core.plugin.JUnitFormatter" skipped="0" tests="2" time="0.231">
<testcase classname="user resgitration for getting education" name="_2" time="0.056">
<system-out><![CDATA[Given User on registartion Page.............................................passed
When User enters following regsitartion details.............................passed
Then user successfully registered...........................................passed
]]></system-out>
</testcase>
<testcase classname="user resgitration for getting education" name="_3" time="0.003">
<system-out><![CDATA[Given User on registartion Page.............................................passed
When User enters following regsitartion details to the specific coulumns....passed
Then user successfully registered...........................................passed
]]></system-out>
</testcase>
</testsuite>
